<?xml version="1.0" encoding="UTF-8"?>
<!-- Generated by org.testng.reporters.JUnitReportReporter -->
<testsuite hostname="DESKTOP-8THOP63" name="xloperation.TravelDemo" tests="1" failures="0" timestamp="30 Dec 2021 02:29:55 GMT" time="5.664" errors="0">
  <testcase name="SelectCountry" time="5.664" classname="xloperation.TravelDemo"/>
</testsuite> <!-- xloperation.TravelDemo -->
