<?xml version="1.0" encoding="UTF-8"?>
<!-- Generated by org.testng.reporters.JUnitReportReporter -->
<testsuite hostname="DESKTOP-8THOP63" name="abcd.DateSelect" tests="1" failures="0" timestamp="29 Aug 2020 03:55:26 GMT" time="13.918" errors="0">
  <testcase name="DateTest" time="13.918" classname="abcd.DateSelect"/>
</testsuite> <!-- abcd.DateSelect -->
